<?xml version="1.0" encoding="UTF-8"?>
<testng-results ignored="0" total="3" passed="3" failed="0" skipped="0">
  <reporter-output>
  </reporter-output>
  <suite started-at="2025-06-05T22:29:03 IST" name="Default suite" finished-at="2025-06-05T22:29:07 IST" duration-ms="3771">
    <groups>
    </groups>
    <test started-at="2025-06-05T22:29:03 IST" name="Default test" finished-at="2025-06-05T22:29:07 IST" duration-ms="3771">
      <class name="tests.putpatch">
        <test-method signature="testDelete()[pri:0, instance:tests.putpatch@6cf0e0ba]" started-at="2025-06-05T22:29:03 IST" name="testDelete" finished-at="2025-06-05T22:29:06 IST" duration-ms="2734" status="PASS">
          <reporter-output>
          </reporter-output>
        </test-method> <!-- testDelete -->
        <test-method signature="testpatch()[pri:0, instance:tests.putpatch@6cf0e0ba]" started-at="2025-06-05T22:29:06 IST" name="testpatch" finished-at="2025-06-05T22:29:07 IST" duration-ms="477" status="PASS">
          <reporter-output>
          </reporter-output>
        </test-method> <!-- testpatch -->
        <test-method signature="testput()[pri:0, instance:tests.putpatch@6cf0e0ba]" started-at="2025-06-05T22:29:07 IST" name="testput" finished-at="2025-06-05T22:29:07 IST" duration-ms="473" status="PASS">
          <reporter-output>
          </reporter-output>
        </test-method> <!-- testput -->
      </class> <!-- tests.putpatch -->
    </test> <!-- Default test -->
  </suite> <!-- Default suite -->
</testng-results>
